{"C:\\Users\\Lenovo\\testGit-c13\\react\\Project-final-BlancaTruenque\\src\\components\\Storage\\components\\ErrorRow\\ErrorRow.jsx": {"path":"C:\\Users\\Lenovo\\testGit-c13\\react\\Project-final-BlancaTruenque\\src\\components\\Storage\\components\\ErrorRow\\ErrorRow.jsx","all":false,"statementMap":{"0":{"start":{"line":1,"column":0},"end":{"line":1,"column":26}},"1":{"start":{"line":2,"column":0},"end":{"line":2,"column":38}},"2":{"start":{"line":3,"column":0},"end":{"line":3,"column":0}},"3":{"start":{"line":4,"column":0},"end":{"line":4,"column":55}},"4":{"start":{"line":5,"column":0},"end":{"line":5,"column":52}},"5":{"start":{"line":6,"column":0},"end":{"line":6,"column":55}},"6":{"start":{"line":7,"column":0},"end":{"line":7,"column":49}},"7":{"start":{"line":8,"column":0},"end":{"line":8,"column":0}},"8":{"start":{"line":9,"column":0},"end":{"line":9,"column":26}},"9":{"start":{"line":10,"column":0},"end":{"line":10,"column":28}},"10":{"start":{"line":11,"column":0},"end":{"line":11,"column":4}},"11":{"start":{"line":12,"column":0},"end":{"line":12,"column":27}},"12":{"start":{"line":13,"column":0},"end":{"line":13,"column":29}},"13":{"start":{"line":14,"column":0},"end":{"line":14,"column":4}},"14":{"start":{"line":15,"column":0},"end":{"line":15,"column":25}},"15":{"start":{"line":16,"column":0},"end":{"line":16,"column":27}},"16":{"start":{"line":17,"column":0},"end":{"line":17,"column":4}},"17":{"start":{"line":18,"column":0},"end":{"line":18,"column":0}},"18":{"start":{"line":19,"column":0},"end":{"line":19,"column":27}},"19":{"start":{"line":20,"column":0},"end":{"line":20,"column":22}},"20":{"start":{"line":21,"column":0},"end":{"line":21,"column":17}},"21":{"start":{"line":22,"column":0},"end":{"line":22,"column":19}},"22":{"start":{"line":23,"column":0},"end":{"line":23,"column":15}},"23":{"start":{"line":24,"column":0},"end":{"line":24,"column":7}},"24":{"start":{"line":25,"column":0},"end":{"line":25,"column":3}},"25":{"start":{"line":26,"column":0},"end":{"line":26,"column":0}},"26":{"start":{"line":27,"column":0},"end":{"line":27,"column":10}},"27":{"start":{"line":28,"column":0},"end":{"line":28,"column":8}},"28":{"start":{"line":29,"column":0},"end":{"line":29,"column":20}},"29":{"start":{"line":30,"column":0},"end":{"line":30,"column":58}},"30":{"start":{"line":31,"column":0},"end":{"line":31,"column":67}},"31":{"start":{"line":32,"column":0},"end":{"line":32,"column":64}},"32":{"start":{"line":33,"column":0},"end":{"line":33,"column":11}},"33":{"start":{"line":34,"column":0},"end":{"line":34,"column":59}},"34":{"start":{"line":35,"column":0},"end":{"line":35,"column":69}},"35":{"start":{"line":36,"column":0},"end":{"line":36,"column":66}},"36":{"start":{"line":37,"column":0},"end":{"line":37,"column":11}},"37":{"start":{"line":38,"column":0},"end":{"line":38,"column":57}},"38":{"start":{"line":39,"column":0},"end":{"line":39,"column":65}},"39":{"start":{"line":40,"column":0},"end":{"line":40,"column":62}},"40":{"start":{"line":41,"column":0},"end":{"line":41,"column":11}},"41":{"start":{"line":42,"column":0},"end":{"line":42,"column":10}},"42":{"start":{"line":43,"column":0},"end":{"line":43,"column":53}},"43":{"start":{"line":44,"column":0},"end":{"line":44,"column":11}},"44":{"start":{"line":45,"column":0},"end":{"line":45,"column":9}},"45":{"start":{"line":46,"column":0},"end":{"line":46,"column":4}},"46":{"start":{"line":47,"column":0},"end":{"line":47,"column":1}},"47":{"start":{"line":48,"column":0},"end":{"line":48,"column":0}},"48":{"start":{"line":49,"column":0},"end":{"line":49,"column":24}}},"s":{"0":1,"1":1,"2":1,"3":16,"4":16,"5":16,"6":16,"7":16,"8":16,"9":5,"10":5,"11":16,"12":5,"13":5,"14":16,"15":1,"16":1,"17":16,"18":16,"19":1,"20":1,"21":1,"22":1,"23":1,"24":1,"25":16,"26":16,"27":16,"28":16,"29":16,"30":16,"31":16,"32":16,"33":16,"34":16,"35":16,"36":16,"37":16,"38":16,"39":16,"40":16,"41":16,"42":16,"43":16,"44":16,"45":16,"46":16,"47":1,"48":1},"branchMap":{"0":{"type":"branch","line":4,"loc":{"start":{"line":4,"column":0},"end":{"line":47,"column":1}},"locations":[{"start":{"line":4,"column":0},"end":{"line":47,"column":1}}]},"1":{"type":"branch","line":30,"loc":{"start":{"line":30,"column":37},"end":{"line":30,"column":54}},"locations":[{"start":{"line":30,"column":37},"end":{"line":30,"column":54}}]},"2":{"type":"branch","line":30,"loc":{"start":{"line":30,"column":46},"end":{"line":30,"column":58}},"locations":[{"start":{"line":30,"column":46},"end":{"line":30,"column":58}}]},"3":{"type":"branch","line":32,"loc":{"start":{"line":32,"column":25},"end":{"line":32,"column":61}},"locations":[{"start":{"line":32,"column":25},"end":{"line":32,"column":61}}]},"4":{"type":"branch","line":32,"loc":{"start":{"line":32,"column":51},"end":{"line":32,"column":64}},"locations":[{"start":{"line":32,"column":51},"end":{"line":32,"column":64}}]},"5":{"type":"branch","line":34,"loc":{"start":{"line":34,"column":38},"end":{"line":34,"column":55}},"locations":[{"start":{"line":34,"column":38},"end":{"line":34,"column":55}}]},"6":{"type":"branch","line":34,"loc":{"start":{"line":34,"column":47},"end":{"line":34,"column":59}},"locations":[{"start":{"line":34,"column":47},"end":{"line":34,"column":59}}]},"7":{"type":"branch","line":36,"loc":{"start":{"line":36,"column":26},"end":{"line":36,"column":63}},"locations":[{"start":{"line":36,"column":26},"end":{"line":36,"column":63}}]},"8":{"type":"branch","line":36,"loc":{"start":{"line":36,"column":53},"end":{"line":36,"column":66}},"locations":[{"start":{"line":36,"column":53},"end":{"line":36,"column":66}}]},"9":{"type":"branch","line":38,"loc":{"start":{"line":38,"column":36},"end":{"line":38,"column":53}},"locations":[{"start":{"line":38,"column":36},"end":{"line":38,"column":53}}]},"10":{"type":"branch","line":38,"loc":{"start":{"line":38,"column":45},"end":{"line":38,"column":57}},"locations":[{"start":{"line":38,"column":45},"end":{"line":38,"column":57}}]},"11":{"type":"branch","line":40,"loc":{"start":{"line":40,"column":24},"end":{"line":40,"column":59}},"locations":[{"start":{"line":40,"column":24},"end":{"line":40,"column":59}}]},"12":{"type":"branch","line":40,"loc":{"start":{"line":40,"column":49},"end":{"line":40,"column":62}},"locations":[{"start":{"line":40,"column":49},"end":{"line":40,"column":62}}]},"13":{"type":"branch","line":9,"loc":{"start":{"line":9,"column":18},"end":{"line":11,"column":4}},"locations":[{"start":{"line":9,"column":18},"end":{"line":11,"column":4}}]},"14":{"type":"branch","line":12,"loc":{"start":{"line":12,"column":19},"end":{"line":14,"column":4}},"locations":[{"start":{"line":12,"column":19},"end":{"line":14,"column":4}}]},"15":{"type":"branch","line":15,"loc":{"start":{"line":15,"column":17},"end":{"line":17,"column":4}},"locations":[{"start":{"line":15,"column":17},"end":{"line":17,"column":4}}]},"16":{"type":"branch","line":19,"loc":{"start":{"line":19,"column":2},"end":{"line":25,"column":3}},"locations":[{"start":{"line":19,"column":2},"end":{"line":25,"column":3}}]}},"b":{"0":[16],"1":[6],"2":[9],"3":[6],"4":[9],"5":[13],"6":[2],"7":[13],"8":[2],"9":[13],"10":[2],"11":[13],"12":[2],"13":[5],"14":[5],"15":[1],"16":[1]},"fnMap":{"0":{"name":"ErrorRow","decl":{"start":{"line":4,"column":0},"end":{"line":47,"column":1}},"loc":{"start":{"line":4,"column":0},"end":{"line":47,"column":1}},"line":4},"1":{"name":"addName","decl":{"start":{"line":9,"column":18},"end":{"line":11,"column":4}},"loc":{"start":{"line":9,"column":18},"end":{"line":11,"column":4}},"line":9},"2":{"name":"addEmail","decl":{"start":{"line":12,"column":19},"end":{"line":14,"column":4}},"loc":{"start":{"line":12,"column":19},"end":{"line":14,"column":4}},"line":12},"3":{"name":"addAge","decl":{"start":{"line":15,"column":17},"end":{"line":17,"column":4}},"loc":{"start":{"line":15,"column":17},"end":{"line":17,"column":4}},"line":15},"4":{"name":"retryOnClick","decl":{"start":{"line":19,"column":2},"end":{"line":25,"column":3}},"loc":{"start":{"line":19,"column":2},"end":{"line":25,"column":3}},"line":19}},"f":{"0":16,"1":5,"2":5,"3":1,"4":1}}
}
